DEBUG:root:value
DEBUG:root:value
DEBUG:root:value
DEBUG:root:===debug
DEBUG:root:psd/Aa1_002
DEBUG:root:list index out of range
DEBUG:root:===debug
DEBUG:root:psd/Aa1_003
DEBUG:root:list index out of range
DEBUG:root:===debug
DEBUG:root:psd/Aa1_004
DEBUG:root:list index out of range
DEBUG:root:===debug
DEBUG:root:psd/Aa1_037
DEBUG:root:list index out of range
DEBUG:root:===debug
DEBUG:root:psd/Aa1_038
DEBUG:root:list index out of range
DEBUG:root:===debug
DEBUG:root:psd/Aa1_039
DEBUG:root:list index out of range
DEBUG:root:===debug
DEBUG:root:psd/Aa1_040
DEBUG:root:list index out of range
DEBUG:root:===debug
DEBUG:root:psd/Aa1_041
DEBUG:root:list index out of range
DEBUG:root:===debug
DEBUG:root:psd/Aa1_042
DEBUG:root:list index out of range
DEBUG:root:===debug
DEBUG:root:psd/Aa1_043
DEBUG:root:list index out of range
DEBUG:root:===debug
DEBUG:root:psd/Aa1_044
DEBUG:root:list index out of range
DEBUG:root:===debug
DEBUG:root:psd/Aa1_053
DEBUG:root:list index out of range
DEBUG:root:===debug
DEBUG:root:psd/Aa1_054
DEBUG:root:list index out of range
DEBUG:root:===debug
DEBUG:root:psd/Aa1_055
DEBUG:root:list index out of range
DEBUG:root:===debug
DEBUG:root:psd/Aa1_056
DEBUG:root:list index out of range
DEBUG:root:===debug
DEBUG:root:psd/Aa1_057
DEBUG:root:list index out of range
DEBUG:root:===debug
DEBUG:root:psd/Aa1_058
DEBUG:root:list index out of range
DEBUG:root:===debug
DEBUG:root:psd/Aa1_059
DEBUG:root:list index out of range
DEBUG:root:===debug
DEBUG:root:psd/Aa1_060
DEBUG:root:list index out of range
DEBUG:root:===debug
DEBUG:root:psd/Aa1_069
DEBUG:root:list index out of range
DEBUG:root:===debug
DEBUG:root:psd/Aa1_070
DEBUG:root:list index out of range
DEBUG:root:===debug
DEBUG:root:psd/Aa1_071
DEBUG:root:list index out of range
DEBUG:root:===debug
DEBUG:root:psd/Aa1_072
DEBUG:root:list index out of range
DEBUG:root:===debug
DEBUG:root:psd/Aa1_073
DEBUG:root:list index out of range
DEBUG:root:===debug
DEBUG:root:psd/Aa1_074
DEBUG:root:list index out of range
DEBUG:root:===debug
DEBUG:root:psd/Aa1_075
DEBUG:root:list index out of range
DEBUG:root:===debug
DEBUG:root:psd/Aa1_076
DEBUG:root:list index out of range
DEBUG:root:===debug
DEBUG:root:psd/Aa1_085
DEBUG:root:list index out of range
DEBUG:root:===debug
DEBUG:root:psd/Aa1_086
DEBUG:root:list index out of range
DEBUG:root:===debug
DEBUG:root:psd/Aa1_087
DEBUG:root:list index out of range
DEBUG:root:===debug
DEBUG:root:psd/Aa1_088
DEBUG:root:list index out of range
DEBUG:root:===debug
DEBUG:root:psd/Aa1_089
DEBUG:root:list index out of range
DEBUG:root:===debug
DEBUG:root:psd/Aa1_090
DEBUG:root:list index out of range
DEBUG:root:===debug
DEBUG:root:psd/Aa1_091
DEBUG:root:list index out of range
DEBUG:root:===debug
DEBUG:root:psd/Aa1_092
DEBUG:root:list index out of range
DEBUG:root:===debug
DEBUG:root:psd/Aa1_101
DEBUG:root:list index out of range
DEBUG:root:===debug
DEBUG:root:psd/Aa1_102
DEBUG:root:list index out of range
DEBUG:root:===debug
DEBUG:root:psd/Aa1_103
DEBUG:root:list index out of range
DEBUG:root:===debug
DEBUG:root:psd/Aa1_104
DEBUG:root:list index out of range
DEBUG:root:===debug
DEBUG:root:psd/Aa1_105
DEBUG:root:list index out of range
DEBUG:root:===debug
DEBUG:root:psd/Aa1_106
DEBUG:root:list index out of range
DEBUG:root:===debug
DEBUG:root:psd/Aa1_107
DEBUG:root:list index out of range
DEBUG:root:===debug
DEBUG:root:psd/Aa1_108
DEBUG:root:list index out of range
DEBUG:root:===debug
DEBUG:root:psd/Aa1_117
DEBUG:root:list index out of range
DEBUG:root:===debug
DEBUG:root:psd/Aa1_118
DEBUG:root:list index out of range
DEBUG:root:===debug
DEBUG:root:psd/Aa1_119
DEBUG:root:list index out of range
DEBUG:root:===debug
DEBUG:root:psd/Aa1_120
DEBUG:root:list index out of range
DEBUG:root:===debug
DEBUG:root:psd/Aa1_121
DEBUG:root:list index out of range
DEBUG:root:===debug
DEBUG:root:psd/Aa1_122
DEBUG:root:list index out of range
DEBUG:root:===debug
DEBUG:root:psd/Aa1_123
DEBUG:root:list index out of range
DEBUG:root:===debug
DEBUG:root:psd/Aa1_124
DEBUG:root:list index out of range
DEBUG:root:===debug
DEBUG:root:psd/Aa1_162
DEBUG:root:Can not insert a subtree that already has a parent.
DEBUG:root:===debug
DEBUG:root:psd/Aa1_165
DEBUG:root:Can not insert a subtree that already has a parent.
DEBUG:root:===debug
DEBUG:root:psd/Aa1_166
DEBUG:root:Can not insert a subtree that already has a parent.
